[run.ps1] JAVA_HOME=C:\Program Files\Microsoft\jdk-17.0.11.9-hotspot
[run.ps1] Running: .\mvnw.cmd -DskipTests spring-boot:run -Dspring-boot.run.profiles=nodeps
[INFO] Scanning for projects...
[INFO] 
[INFO] -----------------------< com.surver.sys:houduan >-----------------------
[INFO] Building houduan 0.0.1-SNAPSHOT
[INFO]   from pom.xml
[INFO] --------------------------------[ jar ]---------------------------------
[INFO] 
[INFO] >>> spring-boot:3.3.10:run (default-cli) > test-compile @ houduan >>>
[INFO] 
[INFO] --- resources:3.3.1:resources (default-resources) @ houduan ---
[INFO] Copying 2 resources from src\main\resources to target\classes
[INFO] Copying 4 resources from src\main\resources to target\classes
[INFO] 
[INFO] --- compiler:3.13.0:compile (default-compile) @ houduan ---
[INFO] Nothing to compile - all classes are up to date.
[INFO] 
[INFO] --- resources:3.3.1:testResources (default-testResources) @ houduan ---
[INFO] skip non existing resourceDirectory D:\code\surver-sys\houduan\src\test\resources
[INFO] 
[INFO] --- compiler:3.13.0:testCompile (default-testCompile) @ houduan ---
[INFO] Nothing to compile - all classes are up to date.
[INFO] 
[INFO] <<< spring-boot:3.3.10:run (default-cli) < test-compile @ houduan <<<
[INFO] 
[INFO] 
[INFO] --- spring-boot:3.3.10:run (default-cli) @ houduan ---
[INFO] Attaching agents: []

  .   ____          _            __ _ _
 /\\ / ___'_ __ _ _(_)_ __  __ _ \ \ \ \
( ( )\___ | '_ | '_| | '_ \/ _` | \ \ \ \
 \\/  ___)| |_)| | | | | || (_| |  ) ) ) )
  '  |____| .__|_| |_|_| |_\__, | / / / /
 =========|_|==============|___/=/_/_/_/

 :: Spring Boot ::               (v3.3.10)

2026-03-09T14:30:32.707+08:00  INFO 10600 --- [houduan] [           main] c.surver.sys.houduan.HouduanApplication  : Starting HouduanApplication using Java 17.0.11 with PID 10600 (D:\code\surver-sys\houduan\target\classes started by C in D:\code\surver-sys\houduan)
2026-03-09T14:30:32.709+08:00  INFO 10600 --- [houduan] [           main] c.surver.sys.houduan.HouduanApplication  : The following 1 profile is active: "nodeps"
2026-03-09T14:30:32.710+08:00 DEBUG 10600 --- [houduan] [           main] o.s.boot.SpringApplication               : Loading source class com.surver.sys.houduan.HouduanApplication
2026-03-09T14:30:32.734+08:00 DEBUG 10600 --- [houduan] [           main] ConfigServletWebServerApplicationContext : Refreshing org.springframework.boot.web.servlet.context.AnnotationConfigServletWebServerApplicationContext@27216cd
